<?xml version="1.0" encoding="UTF-8"?>
<!-- Generated by org.testng.reporters.JUnitXMLReporter -->
<testsuite ignored="0" hostname="5CG1377PDZ" failures="0" tests="4" name="Surefire test" time="64.448" errors="0" timestamp="2025-03-06T17:54:20 IST">
  <testcase classname="TestCases.Test_Signup" name="verifyRegisterButtonAccessibility" time="5.151"/>
  <testcase classname="TestCases.Test_Signup" name="verifyRegisterButtonVisibility" time="0.614"/>
  <testcase classname="TestCases.Test_Signup" name="verifySignupPageTitle" time="1.837"/>
  <testcase classname="TestCases.Test_Signup" name="verifySignupPageURL" time="4.586"/>
</testsuite> <!-- Surefire test -->
