<?xml version="1.0" encoding="UTF-8"?>
<!-- Generated by org.testng.reporters.JUnitXMLReporter -->
<testsuite ignored="0" hostname="5CG1377PDZ" failures="1" tests="5" name="Surefire test" time="28.707" errors="0" timestamp="2025-02-22T10:16:58 IST">
  <testcase classname="TestCases.Test_Signup" name="verifyRegisterButtonAccessibility" time="0.509"/>
  <testcase classname="TestCases.Test_Signup" name="verifyRegisterButtonVisibility" time="0.37"/>
  <testcase classname="TestCases.Test_Signup" name="verifySignupPageTitle" time="2.566"/>
  <testcase classname="TestCases.Test_Signup" name="verifySignupPageURL" time="1.448"/>
  <testcase classname="TestCases.Test_Signup" name="verifySignupPageContent" time="2.897">
    <failure type="java.lang.AssertionError" message="Field not found: Firstname expected [true] but found [false]">
      <![CDATA[java.lang.AssertionError: Field not found: Firstname expected [true] but found [false]
at TestCases.Test_Signup.verifySignupPageContent(Test_Signup.java:128)
at java.base/java.util.ArrayList.forEach(ArrayList.java:1596)
... Removed 33 stack frames]]>
    </failure>
  </testcase> <!-- verifySignupPageContent -->
</testsuite> <!-- Surefire test -->
