<?xml version="1.0" encoding="UTF-8"?>
<testsuite xmlns:xsi="http://www.w3.org/2001/XMLSchema-instance" xsi:noNamespaceSchemaLocation="https://maven.apache.org/surefire/maven-surefire-plugin/xsd/surefire-test-report.xsd" name="TestSuite" time="66.701" tests="4" errors="0" skipped="0" failures="0">
  <properties>
[...]
</properties>
  <testcase name="verifyRegisterButtonAccessibility" classname="TestCases.Test_Signup" time="5.15"/>
  <testcase name="verifyRegisterButtonVisibility" classname="TestCases.Test_Signup" time="0.615"/>
  <testcase name="verifySignupPageTitle" classname="TestCases.Test_Signup" time="1.837"/>
  <testcase name="verifySignupPageURL" classname="TestCases.Test_Signup" time="4.59"/>
</testsuite>