<?xml version="1.0" encoding="UTF-8"?>
<testng-results ignored="0" total="1" passed="1" failed="0" skipped="0">
  <reporter-output>
  </reporter-output>
  <suite started-at="2025-03-26T17:37:15 IST" name="Surefire suite" finished-at="2025-03-26T17:37:37 IST" duration-ms="22578">
    <groups>
    </groups>
    <test started-at="2025-03-26T17:37:15 IST" name="Surefire test" finished-at="2025-03-26T17:37:37 IST" duration-ms="22578">
      <class name="TestCases.SignupTest">
        <test-method is-config="true" signature="testReport()[pri:0, instance:TestCases.SignupTest@4313f5bc]" started-at="2025-03-26T17:37:15 IST" name="testReport" finished-at="2025-03-26T17:37:15 IST" duration-ms="0" status="PASS">
          <reporter-output>
          </reporter-output>
        </test-method> <!-- testReport -->
        <test-method is-config="true" signature="setup()[pri:0, instance:TestCases.SignupTest@4313f5bc]" started-at="2025-03-26T17:37:15 IST" name="setup" finished-at="2025-03-26T17:37:37 IST" duration-ms="22174" status="PASS">
          <reporter-output>
          </reporter-output>
        </test-method> <!-- setup -->
        <test-method signature="testcheck_with_testPrintEnvVariable()[pri:0, instance:TestCases.SignupTest@4313f5bc]" started-at="2025-03-26T17:37:37 IST" name="testcheck_with_testPrintEnvVariable" finished-at="2025-03-26T17:37:37 IST" duration-ms="8" status="PASS">
          <reporter-output>
          </reporter-output>
        </test-method> <!-- testcheck_with_testPrintEnvVariable -->
        <test-method is-config="true" signature="tearDown()[pri:0, instance:TestCases.SignupTest@4313f5bc]" started-at="2025-03-26T17:37:37 IST" name="tearDown" finished-at="2025-03-26T17:37:37 IST" duration-ms="330" status="PASS">
          <reporter-output>
          </reporter-output>
        </test-method> <!-- tearDown -->
      </class> <!-- TestCases.SignupTest -->
      <class name="TestCases.TestSuite">
        <test-method is-config="true" signature="suite()[pri:0, instance:TestCases.TestSuite@794cb805]" started-at="2025-03-26T17:37:15 IST" name="suite" finished-at="2025-03-26T17:37:15 IST" duration-ms="257" status="PASS">
          <reporter-output>
          </reporter-output>
        </test-method> <!-- suite -->
        <test-method is-config="true" signature="flush()[pri:0, instance:TestCases.TestSuite@794cb805]" started-at="2025-03-26T17:37:37 IST" name="flush" finished-at="2025-03-26T17:37:38 IST" duration-ms="314" status="PASS">
          <reporter-output>
          </reporter-output>
        </test-method> <!-- flush -->
      </class> <!-- TestCases.TestSuite -->
    </test> <!-- Surefire test -->
  </suite> <!-- Surefire suite -->
</testng-results>
