<?xml version="1.0" encoding="UTF-8"?>
<testng-results ignored="0" total="1" passed="1" failed="0" skipped="0">
  <reporter-output>
  </reporter-output>
  <suite started-at="2025-03-20T02:33:49 IST" name="Surefire suite" finished-at="2025-03-20T02:33:52 IST" duration-ms="3337">
    <groups>
    </groups>
    <test started-at="2025-03-20T02:33:49 IST" name="Surefire test" finished-at="2025-03-20T02:33:52 IST" duration-ms="3337">
      <class name="TestCases.SignupTest">
        <test-method is-config="true" signature="suite()[pri:0, instance:TestCases.SignupTest@4b5a5ed1]" started-at="2025-03-20T02:33:49 IST" name="suite" finished-at="2025-03-20T02:33:49 IST" duration-ms="144" status="PASS">
          <reporter-output>
          </reporter-output>
        </test-method> <!-- suite -->
        <test-method is-config="true" signature="reporr()[pri:0, instance:TestCases.SignupTest@4b5a5ed1]" started-at="2025-03-20T02:33:49 IST" name="reporr" finished-at="2025-03-20T02:33:49 IST" duration-ms="3" status="PASS">
          <reporter-output>
          </reporter-output>
        </test-method> <!-- reporr -->
        <test-method is-config="true" signature="setup()[pri:0, instance:TestCases.SignupTest@4b5a5ed1]" started-at="2025-03-20T02:33:49 IST" name="setup" finished-at="2025-03-20T02:33:51 IST" duration-ms="2254" status="PASS">
          <reporter-output>
          </reporter-output>
        </test-method> <!-- setup -->
        <test-method signature="testfail()[pri:0, instance:TestCases.SignupTest@4b5a5ed1]" started-at="2025-03-20T02:33:51 IST" name="testfail" finished-at="2025-03-20T02:33:52 IST" duration-ms="810" status="PASS">
          <reporter-output>
          </reporter-output>
        </test-method> <!-- testfail -->
        <test-method is-config="true" signature="tearDown()[pri:0, instance:TestCases.SignupTest@4b5a5ed1]" started-at="2025-03-20T02:33:52 IST" name="tearDown" finished-at="2025-03-20T02:33:52 IST" duration-ms="239" status="PASS">
          <reporter-output>
          </reporter-output>
        </test-method> <!-- tearDown -->
        <test-method is-config="true" signature="flush()[pri:0, instance:TestCases.SignupTest@4b5a5ed1]" started-at="2025-03-20T02:33:52 IST" name="flush" finished-at="2025-03-20T02:33:53 IST" duration-ms="282" status="PASS">
          <reporter-output>
          </reporter-output>
        </test-method> <!-- flush -->
      </class> <!-- TestCases.SignupTest -->
    </test> <!-- Surefire test -->
  </suite> <!-- Surefire suite -->
</testng-results>
