-------------------------------------------------------------------------------
Test set: TestSuite
-------------------------------------------------------------------------------
Tests run: 5, Failures: 1, Errors: 0, Skipped: 0, Time elapsed: 30.646 s <<< FAILURE! - in TestSuite
verifySignupPageContent(TestCases.Test_Signup)  Time elapsed: 2.908 s  <<< FAILURE!
java.lang.AssertionError: Field not found: Firstname expected [true] but found [false]
	at TestCases.Test_Signup.verifySignupPageContent(Test_Signup.java:128)

