<?xml version="1.0" encoding="UTF-8"?>
<!-- Generated by org.testng.reporters.JUnitReportReporter -->
<testsuite hostname="5CG1377PDZ" failures="0" tests="4" name="TestCases.Test_Signup" time="64.354" errors="0" timestamp="2025-03-06T17:54:20 IST" skipped="0">
  <testcase classname="TestCases.Test_Signup" name="verifySignupPageURL" time="19.058"/>
  <testcase classname="TestCases.Test_Signup" name="verifyRegisterButtonVisibility" time="5.015"/>
  <testcase classname="TestCases.Test_Signup" name="verifyRegisterButtonAccessibility" time="10.631"/>
  <testcase classname="TestCases.Test_Signup" name="verifySignupPageTitle" time="29.650"/>
</testsuite> <!-- TestCases.Test_Signup -->
